# JRE version: OpenJDK Runtime Environment Temurin-11.0.16+8 (11.0.16+8) (build 11.0.16+8)
# Java VM: OpenJDK 64-Bit Server VM Temurin-11.0.16+8 (11.0.16+8, mixed mode, tiered, compressed oops, g1 gc, windows-amd64)
Heap:
 garbage-first heap   total 123904K, used 71443K [0x00000000a1e00000, 0x0000000100000000)
  region size 1024K, 39 young (39936K), 4 survivors (4096K)
 Metaspace       used 57591K, capacity 58386K, committed 58576K, reserved 1101824K
  class space    used 6716K, capacity 7055K, committed 7164K, reserved 1048576K
GC Heap History (14 events):
Event: 2.906 GC heap before
{Heap before GC invocations=0 (full 0):
 garbage-first heap   total 98304K, used 27648K [0x00000000a1e00000, 0x0000000100000000)
  region size 1024K, 24 young (24576K), 0 survivors (0K)
 Metaspace       used 12387K, capacity 12504K, committed 12800K, reserved 1060864K
  class space    used 1150K, capacity 1207K, committed 1280K, reserved 1048576K
}
Event: 3.026 GC heap after
{Heap after GC invocations=1 (full 0):
 garbage-first heap   total 98304K, used 5813K [0x00000000a1e00000, 0x0000000100000000)
  region size 1024K, 3 young (3072K), 3 survivors (3072K)
 Metaspace       used 12387K, capacity 12504K, committed 12800K, reserved 1060864K
  class space    used 1150K, capacity 1207K, committed 1280K, reserved 1048576K
}
Event: 5.273 GC heap before
{Heap before GC invocations=1 (full 0):
 garbage-first heap   total 98304K, used 41653K [0x00000000a1e00000, 0x0000000100000000)
  region size 1024K, 39 young (39936K), 3 survivors (3072K)
 Metaspace       used 21019K, capacity 21182K, committed 21248K, reserved 1069056K
  class space    used 2213K, capacity 2280K, committed 2304K, reserved 1048576K
}
Event: 5.295 GC heap after
{Heap after GC invocations=2 (full 0):
 garbage-first heap   total 98304K, used 9216K [0x00000000a1e00000, 0x0000000100000000)
  region size 1024K, 6 young (6144K), 6 survivors (6144K)
 Metaspace       used 21019K, capacity 21182K, committed 21248K, reserved 1069056K
  class space    used 2213K, capacity 2280K, committed 2304K, reserved 1048576K
}
Event: 7.402 GC heap before
{Heap before GC invocations=3 (full 0):
 garbage-first heap   total 98304K, used 58368K [0x00000000a1e00000, 0x0000000100000000)
  region size 1024K, 49 young (50176K), 6 survivors (6144K)
 Metaspace       used 30935K, capacity 31352K, committed 31612K, reserved 1077248K
  class space    used 3628K, capacity 3828K, committed 3964K, reserved 1048576K
}
Event: 7.432 GC heap after
{Heap after GC invocations=4 (full 0):
 garbage-first heap   total 98304K, used 20369K [0x00000000a1e00000, 0x0000000100000000)
  region size 1024K, 7 young (7168K), 7 survivors (7168K)
 Metaspace       used 30935K, capacity 31352K, committed 31612K, reserved 1077248K
  class space    used 3628K, capacity 3828K, committed 3964K, reserved 1048576K
}
Event: 9.642 GC heap before
{Heap before GC invocations=4 (full 0):
 garbage-first heap   total 98304K, used 38801K [0x00000000a1e00000, 0x0000000100000000)
  region size 1024K, 26 young (26624K), 7 survivors (7168K)
 Metaspace       used 35499K, capacity 35883K, committed 36048K, reserved 1081344K
  class space    used 4331K, capacity 4506K, committed 4604K, reserved 1048576K
}
Event: 9.660 GC heap after
{Heap after GC invocations=5 (full 0):
 garbage-first heap   total 98304K, used 20728K [0x00000000a1e00000, 0x0000000100000000)
  region size 1024K, 2 young (2048K), 2 survivors (2048K)
 Metaspace       used 35499K, capacity 35883K, committed 36048K, reserved 1081344K
  class space    used 4331K, capacity 4506K, committed 4604K, reserved 1048576K
}
Event: 13.839 GC heap before
{Heap before GC invocations=6 (full 0):
 garbage-first heap   total 98304K, used 56568K [0x00000000a1e00000, 0x0000000100000000)
  region size 1024K, 37 young (37888K), 2 survivors (2048K)
 Metaspace       used 42839K, capacity 43316K, committed 43472K, reserved 1087488K
  class space    used 5063K, capacity 5254K, committed 5372K, reserved 1048576K
}
Event: 13.851 GC heap after
{Heap after GC invocations=7 (full 0):
 garbage-first heap   total 98304K, used 23775K [0x00000000a1e00000, 0x0000000100000000)
  region size 1024K, 5 young (5120K), 5 survivors (5120K)
 Metaspace       used 42839K, capacity 43316K, committed 43472K, reserved 1087488K
  class space    used 5063K, capacity 5254K, committed 5372K, reserved 1048576K
}
Event: 16.193 GC heap before
{Heap before GC invocations=7 (full 0):
 garbage-first heap   total 98304K, used 62687K [0x00000000a1e00000, 0x0000000100000000)
  region size 1024K, 41 young (41984K), 5 survivors (5120K)
 Metaspace       used 49192K, capacity 49736K, committed 50000K, reserved 1093632K
  class space    used 5690K, capacity 5930K, committed 6012K, reserved 1048576K
}
Event: 16.220 GC heap after
{Heap after GC invocations=8 (full 0):
 garbage-first heap   total 98304K, used 32040K [0x00000000a1e00000, 0x0000000100000000)
  region size 1024K, 6 young (6144K), 6 survivors (6144K)
 Metaspace       used 49192K, capacity 49736K, committed 50000K, reserved 1093632K
  class space    used 5690K, capacity 5930K, committed 6012K, reserved 1048576K
}
Event: 16.941 GC heap before
{Heap before GC invocations=8 (full 0):
 garbage-first heap   total 98304K, used 66856K [0x00000000a1e00000, 0x0000000100000000)
  region size 1024K, 39 young (39936K), 6 survivors (6144K)
 Metaspace       used 50516K, capacity 51092K, committed 51408K, reserved 1095680K
  class space    used 5793K, capacity 6036K, committed 6140K, reserved 1048576K
}
Event: 16.963 GC heap after
{Heap after GC invocations=9 (full 0):
 garbage-first heap   total 123904K, used 36627K [0x00000000a1e00000, 0x0000000100000000)
  region size 1024K, 4 young (4096K), 4 survivors (4096K)
 Metaspace       used 50516K, capacity 51092K, committed 51408K, reserved 1095680K
  class space    used 5793K, capacity 6036K, committed 6140K, reserved 1048576K
}

