# JRE version: OpenJDK Runtime Environment Temurin-11.0.16+8 (11.0.16+8) (build 11.0.16+8)
# Java VM: OpenJDK 64-Bit Server VM Temurin-11.0.16+8 (11.0.16+8, mixed mode, tiered, compressed oops, g1 gc, windows-amd64)
Heap:
 garbage-first heap   total 118784K, used 61737K [0x00000000a1e00000, 0x0000000100000000)
  region size 1024K, 33 young (33792K), 5 survivors (5120K)
 Metaspace       used 58989K, capacity 59716K, committed 59984K, reserved 1101824K
  class space    used 6869K, capacity 7185K, committed 7292K, reserved 1048576K
GC Heap History (14 events):
Event: 0.672 GC heap before
{Heap before GC invocations=0 (full 0):
 garbage-first heap   total 98304K, used 27648K [0x00000000a1e00000, 0x0000000100000000)
  region size 1024K, 24 young (24576K), 0 survivors (0K)
 Metaspace       used 12369K, capacity 12472K, committed 12800K, reserved 1060864K
  class space    used 1147K, capacity 1175K, committed 1280K, reserved 1048576K
}
Event: 0.676 GC heap after
{Heap after GC invocations=1 (full 0):
 garbage-first heap   total 98304K, used 5832K [0x00000000a1e00000, 0x0000000100000000)
  region size 1024K, 3 young (3072K), 3 survivors (3072K)
 Metaspace       used 12369K, capacity 12472K, committed 12800K, reserved 1060864K
  class space    used 1147K, capacity 1175K, committed 1280K, reserved 1048576K
}
Event: 1.416 GC heap before
{Heap before GC invocations=1 (full 0):
 garbage-first heap   total 98304K, used 41672K [0x00000000a1e00000, 0x0000000100000000)
  region size 1024K, 39 young (39936K), 3 survivors (3072K)
 Metaspace       used 21045K, capacity 21185K, committed 21248K, reserved 1069056K
  class space    used 2211K, capacity 2281K, committed 2304K, reserved 1048576K
}
Event: 1.427 GC heap after
{Heap after GC invocations=2 (full 0):
 garbage-first heap   total 98304K, used 9216K [0x00000000a1e00000, 0x0000000100000000)
  region size 1024K, 6 young (6144K), 6 survivors (6144K)
 Metaspace       used 21045K, capacity 21185K, committed 21248K, reserved 1069056K
  class space    used 2211K, capacity 2281K, committed 2304K, reserved 1048576K
}
Event: 2.445 GC heap before
{Heap before GC invocations=3 (full 0):
 garbage-first heap   total 98304K, used 58368K [0x00000000a1e00000, 0x0000000100000000)
  region size 1024K, 49 young (50176K), 6 survivors (6144K)
 Metaspace       used 31601K, capacity 32085K, committed 32380K, reserved 1077248K
  class space    used 3918K, capacity 4118K, committed 4220K, reserved 1048576K
}
Event: 2.466 GC heap after
{Heap after GC invocations=4 (full 0):
 garbage-first heap   total 98304K, used 20286K [0x00000000a1e00000, 0x0000000100000000)
  region size 1024K, 7 young (7168K), 7 survivors (7168K)
 Metaspace       used 31601K, capacity 32085K, committed 32380K, reserved 1077248K
  class space    used 3918K, capacity 4118K, committed 4220K, reserved 1048576K
}
Event: 2.765 GC heap before
{Heap before GC invocations=4 (full 0):
 garbage-first heap   total 98304K, used 37694K [0x00000000a1e00000, 0x0000000100000000)
  region size 1024K, 25 young (25600K), 7 survivors (7168K)
 Metaspace       used 35512K, capacity 35926K, committed 36048K, reserved 1081344K
  class space    used 4356K, capacity 4544K, committed 4604K, reserved 1048576K
}
Event: 2.783 GC heap after
{Heap after GC invocations=5 (full 0):
 garbage-first heap   total 98304K, used 20711K [0x00000000a1e00000, 0x0000000100000000)
  region size 1024K, 3 young (3072K), 3 survivors (3072K)
 Metaspace       used 35512K, capacity 35926K, committed 36048K, reserved 1081344K
  class space    used 4356K, capacity 4544K, committed 4604K, reserved 1048576K
}
Event: 3.430 GC heap before
{Heap before GC invocations=6 (full 0):
 garbage-first heap   total 98304K, used 56551K [0x00000000a1e00000, 0x0000000100000000)
  region size 1024K, 38 young (38912K), 3 survivors (3072K)
 Metaspace       used 43350K, capacity 43840K, committed 44240K, reserved 1087488K
  class space    used 5087K, capacity 5274K, committed 5372K, reserved 1048576K
}
Event: 3.441 GC heap after
{Heap after GC invocations=7 (full 0):
 garbage-first heap   total 118784K, used 23271K [0x00000000a1e00000, 0x0000000100000000)
  region size 1024K, 5 young (5120K), 5 survivors (5120K)
 Metaspace       used 43350K, capacity 43840K, committed 44240K, reserved 1087488K
  class space    used 5087K, capacity 5274K, committed 5372K, reserved 1048576K
}
Event: 4.521 GC heap before
{Heap before GC invocations=7 (full 0):
 garbage-first heap   total 118784K, used 71399K [0x00000000a1e00000, 0x0000000100000000)
  region size 1024K, 49 young (50176K), 5 survivors (5120K)
 Metaspace       used 52707K, capacity 53400K, committed 53712K, reserved 1095680K
  class space    used 6255K, capacity 6540K, committed 6652K, reserved 1048576K
}
Event: 4.541 GC heap after
{Heap after GC invocations=8 (full 0):
 garbage-first heap   total 118784K, used 31187K [0x00000000a1e00000, 0x0000000100000000)
  region size 1024K, 7 young (7168K), 7 survivors (7168K)
 Metaspace       used 52707K, capacity 53400K, committed 53712K, reserved 1095680K
  class space    used 6255K, capacity 6540K, committed 6652K, reserved 1048576K
}
Event: 5.326 GC heap before
{Heap before GC invocations=8 (full 0):
 garbage-first heap   total 118784K, used 75219K [0x00000000a1e00000, 0x0000000100000000)
  region size 1024K, 50 young (51200K), 7 survivors (7168K)
 Metaspace       used 56660K, capacity 57391K, committed 57680K, reserved 1099776K
  class space    used 6691K, capacity 6972K, committed 7036K, reserved 1048576K
}
Event: 5.348 GC heap after
{Heap after GC invocations=9 (full 0):
 garbage-first heap   total 118784K, used 34089K [0x00000000a1e00000, 0x0000000100000000)
  region size 1024K, 5 young (5120K), 5 survivors (5120K)
 Metaspace       used 56660K, capacity 57391K, committed 57680K, reserved 1099776K
  class space    used 6691K, capacity 6972K, committed 7036K, reserved 1048576K
}

