# JRE version: OpenJDK Runtime Environment Temurin-11.0.16+8 (11.0.16+8) (build 11.0.16+8)
# Java VM: OpenJDK 64-Bit Server VM Temurin-11.0.16+8 (11.0.16+8, mixed mode, tiered, compressed oops, g1 gc, windows-amd64)
Heap:
 garbage-first heap   total 260096K, used 100734K [0x0000000080000000, 0x0000000100000000)
  region size 1024K, 2 young (2048K), 2 survivors (2048K)
 Metaspace       used 100890K, capacity 103758K, committed 103944K, reserved 606208K
  class space    used 13106K, capacity 14250K, committed 14336K, reserved 516096K
GC Heap History (20 events):
Event: 42.211 GC heap after
{Heap after GC invocations=50 (full 0):
 garbage-first heap   total 143360K, used 85301K [0x0000000080000000, 0x0000000100000000)
  region size 1024K, 5 young (5120K), 5 survivors (5120K)
 Metaspace       used 90978K, capacity 93685K, committed 93704K, reserved 598016K
  class space    used 11988K, capacity 13049K, committed 13056K, reserved 516096K
}
Event: 43.792 GC heap before
{Heap before GC invocations=51 (full 0):
 garbage-first heap   total 143360K, used 116021K [0x0000000080000000, 0x0000000100000000)
  region size 1024K, 35 young (35840K), 5 survivors (5120K)
 Metaspace       used 93671K, capacity 96377K, committed 96520K, reserved 600064K
  class space    used 12417K, capacity 13448K, committed 13568K, reserved 516096K
}
Event: 43.805 GC heap after
{Heap after GC invocations=52 (full 0):
 garbage-first heap   total 143360K, used 87022K [0x0000000080000000, 0x0000000100000000)
  region size 1024K, 2 young (2048K), 2 survivors (2048K)
 Metaspace       used 93671K, capacity 96377K, committed 96520K, reserved 600064K
  class space    used 12417K, capacity 13448K, committed 13568K, reserved 516096K
}
Event: 46.842 GC heap before
{Heap before GC invocations=52 (full 0):
 garbage-first heap   total 143360K, used 116718K [0x0000000080000000, 0x0000000100000000)
  region size 1024K, 31 young (31744K), 2 survivors (2048K)
 Metaspace       used 97443K, capacity 100167K, committed 100232K, reserved 604160K
  class space    used 12838K, capacity 13906K, committed 13952K, reserved 516096K
}
Event: 46.861 GC heap after
{Heap after GC invocations=53 (full 0):
 garbage-first heap   total 172032K, used 88951K [0x0000000080000000, 0x0000000100000000)
  region size 1024K, 4 young (4096K), 4 survivors (4096K)
 Metaspace       used 97443K, capacity 100167K, committed 100232K, reserved 604160K
  class space    used 12838K, capacity 13906K, committed 13952K, reserved 516096K
}
Event: 49.225 GC heap before
{Heap before GC invocations=54 (full 0):
 garbage-first heap   total 172032K, used 129911K [0x0000000080000000, 0x0000000100000000)
  region size 1024K, 44 young (45056K), 4 survivors (4096K)
 Metaspace       used 98898K, capacity 101742K, committed 101896K, reserved 604160K
  class space    used 12973K, capacity 14065K, committed 14080K, reserved 516096K
}
Event: 49.245 GC heap after
{Heap after GC invocations=55 (full 0):
 garbage-first heap   total 172032K, used 92572K [0x0000000080000000, 0x0000000100000000)
  region size 1024K, 6 young (6144K), 6 survivors (6144K)
 Metaspace       used 98898K, capacity 101742K, committed 101896K, reserved 604160K
  class space    used 12973K, capacity 14065K, committed 14080K, reserved 516096K
}
Event: 49.977 GC heap before
{Heap before GC invocations=55 (full 0):
 garbage-first heap   total 172032K, used 127388K [0x0000000080000000, 0x0000000100000000)
  region size 1024K, 42 young (43008K), 6 survivors (6144K)
 Metaspace       used 100491K, capacity 103457K, committed 103688K, reserved 606208K
  class space    used 13108K, capacity 14259K, committed 14336K, reserved 516096K
}
Event: 50.011 GC heap after
{Heap after GC invocations=56 (full 0):
 garbage-first heap   total 172032K, used 94634K [0x0000000080000000, 0x0000000100000000)
  region size 1024K, 3 young (3072K), 3 survivors (3072K)
 Metaspace       used 100491K, capacity 103457K, committed 103688K, reserved 606208K
  class space    used 13108K, capacity 14259K, committed 14336K, reserved 516096K
}
Event: 50.297 GC heap before
{Heap before GC invocations=57 (full 0):
 garbage-first heap   total 172032K, used 106922K [0x0000000080000000, 0x0000000100000000)
  region size 1024K, 12 young (12288K), 3 survivors (3072K)
 Metaspace       used 100597K, capacity 103590K, committed 103688K, reserved 606208K
  class space    used 13116K, capacity 14260K, committed 14336K, reserved 516096K
}
Event: 50.305 GC heap after
{Heap after GC invocations=58 (full 0):
 garbage-first heap   total 172032K, used 96054K [0x0000000080000000, 0x0000000100000000)
  region size 1024K, 4 young (4096K), 4 survivors (4096K)
 Metaspace       used 100597K, capacity 103590K, committed 103688K, reserved 606208K
  class space    used 13116K, capacity 14260K, committed 14336K, reserved 516096K
}
Event: 51.028 GC heap before
{Heap before GC invocations=59 (full 0):
 garbage-first heap   total 177152K, used 166710K [0x0000000080000000, 0x0000000100000000)
  region size 1024K, 10 young (10240K), 4 survivors (4096K)
 Metaspace       used 100600K, capacity 103547K, committed 103688K, reserved 606208K
  class space    used 13107K, capacity 14245K, committed 14336K, reserved 516096K
}
Event: 51.044 GC heap after
{Heap after GC invocations=60 (full 0):
 garbage-first heap   total 177152K, used 139427K [0x0000000080000000, 0x0000000100000000)
  region size 1024K, 3 young (3072K), 3 survivors (3072K)
 Metaspace       used 100600K, capacity 103547K, committed 103688K, reserved 606208K
  class space    used 13107K, capacity 14245K, committed 14336K, reserved 516096K
}
Event: 51.691 GC heap before
{Heap before GC invocations=60 (full 0):
 garbage-first heap   total 177152K, used 167075K [0x0000000080000000, 0x0000000100000000)
  region size 1024K, 14 young (14336K), 3 survivors (3072K)
 Metaspace       used 100874K, capacity 103835K, committed 103944K, reserved 606208K
  class space    used 13119K, capacity 14277K, committed 14336K, reserved 516096K
}
Event: 51.922 GC heap after
{Heap after GC invocations=61 (full 0):
 garbage-first heap   total 177152K, used 140888K [0x0000000080000000, 0x0000000100000000)
  region size 1024K, 1 young (1024K), 1 survivors (1024K)
 Metaspace       used 100874K, capacity 103835K, committed 103944K, reserved 606208K
  class space    used 13119K, capacity 14277K, committed 14336K, reserved 516096K
}
Event: 52.089 GC heap before
{Heap before GC invocations=62 (full 0):
 garbage-first heap   total 177152K, used 151128K [0x0000000080000000, 0x0000000100000000)
  region size 1024K, 12 young (12288K), 1 survivors (1024K)
 Metaspace       used 100913K, capacity 103835K, committed 103944K, reserved 606208K
  class space    used 13119K, capacity 14277K, committed 14336K, reserved 516096K
}
Event: 52.094 GC heap after
{Heap after GC invocations=63 (full 0):
 garbage-first heap   total 177152K, used 141716K [0x0000000080000000, 0x0000000100000000)
  region size 1024K, 2 young (2048K), 2 survivors (2048K)
 Metaspace       used 100913K, capacity 103835K, committed 103944K, reserved 606208K
  class space    used 13119K, capacity 14277K, committed 14336K, reserved 516096K
}
Event: 52.310 GC heap before
{Heap before GC invocations=63 (full 0):
 garbage-first heap   total 177152K, used 151956K [0x0000000080000000, 0x0000000100000000)
  region size 1024K, 13 young (13312K), 2 survivors (2048K)
 Metaspace       used 100936K, capacity 103841K, committed 103944K, reserved 606208K
  class space    used 13123K, capacity 14279K, committed 14336K, reserved 516096K
}
Event: 52.453 GC heap after
{Heap after GC invocations=64 (full 0):
 garbage-first heap   total 177152K, used 131615K [0x0000000080000000, 0x0000000100000000)
  region size 1024K, 2 young (2048K), 2 survivors (2048K)
 Metaspace       used 100936K, capacity 103841K, committed 103944K, reserved 606208K
  class space    used 13123K, capacity 14279K, committed 14336K, reserved 516096K
}
Event: 52.767 GC heap before
{Heap before GC invocations=64 (full 0):
 garbage-first heap   total 177152K, used 112159K [0x0000000080000000, 0x0000000100000000)
  region size 1024K, 16 young (16384K), 2 survivors (2048K)
 Metaspace       used 100890K, capacity 103758K, committed 103944K, reserved 606208K
  class space    used 13106K, capacity 14250K, committed 14336K, reserved 516096K
}

