# JRE version: OpenJDK Runtime Environment Temurin-11.0.16+8 (11.0.16+8) (build 11.0.16+8)
# Java VM: OpenJDK 64-Bit Server VM Temurin-11.0.16+8 (11.0.16+8, mixed mode, tiered, compressed oops, g1 gc, windows-amd64)
Heap:
 garbage-first heap   total 207872K, used 133526K [0x0000000080000000, 0x0000000100000000)
  region size 1024K, 8 young (8192K), 6 survivors (6144K)
 Metaspace       used 113585K, capacity 117011K, committed 117332K, reserved 618496K
  class space    used 14757K, capacity 16072K, committed 16204K, reserved 516096K
GC Heap History (20 events):
Event: 105.480 GC heap before
{Heap before GC invocations=90 (full 0):
 garbage-first heap   total 156672K, used 123904K [0x0000000080000000, 0x0000000100000000)
  region size 1024K, 22 young (22528K), 2 survivors (2048K)
 Metaspace       used 97589K, capacity 100688K, committed 100948K, reserved 604160K
  class space    used 12847K, capacity 14057K, committed 14156K, reserved 516096K
}
Event: 105.485 GC heap after
{Heap after GC invocations=91 (full 0):
 garbage-first heap   total 156672K, used 104975K [0x0000000080000000, 0x0000000100000000)
  region size 1024K, 2 young (2048K), 2 survivors (2048K)
 Metaspace       used 97589K, capacity 100688K, committed 100948K, reserved 604160K
  class space    used 12847K, capacity 14057K, committed 14156K, reserved 516096K
}
Event: 107.062 GC heap before
{Heap before GC invocations=91 (full 0):
 garbage-first heap   total 156672K, used 125455K [0x0000000080000000, 0x0000000100000000)
  region size 1024K, 22 young (22528K), 2 survivors (2048K)
 Metaspace       used 99520K, capacity 102648K, committed 102740K, reserved 606208K
  class space    used 13147K, capacity 14360K, committed 14412K, reserved 516096K
}
Event: 107.072 GC heap after
{Heap after GC invocations=92 (full 0):
 garbage-first heap   total 156672K, used 105720K [0x0000000080000000, 0x0000000100000000)
  region size 1024K, 3 young (3072K), 3 survivors (3072K)
 Metaspace       used 99520K, capacity 102648K, committed 102740K, reserved 606208K
  class space    used 13147K, capacity 14360K, committed 14412K, reserved 516096K
}
Event: 108.119 GC heap before
{Heap before GC invocations=93 (full 0):
 garbage-first heap   total 156672K, used 127224K [0x0000000080000000, 0x0000000100000000)
  region size 1024K, 24 young (24576K), 3 survivors (3072K)
 Metaspace       used 101904K, capacity 104991K, committed 105172K, reserved 608256K
  class space    used 13408K, capacity 14664K, committed 14796K, reserved 516096K
}
Event: 108.134 GC heap after
{Heap after GC invocations=94 (full 0):
 garbage-first heap   total 156672K, used 107694K [0x0000000080000000, 0x0000000100000000)
  region size 1024K, 3 young (3072K), 3 survivors (3072K)
 Metaspace       used 101904K, capacity 104991K, committed 105172K, reserved 608256K
  class space    used 13408K, capacity 14664K, committed 14796K, reserved 516096K
}
Event: 109.301 GC heap before
{Heap before GC invocations=94 (full 0):
 garbage-first heap   total 156672K, used 129198K [0x0000000080000000, 0x0000000100000000)
  region size 1024K, 24 young (24576K), 3 survivors (3072K)
 Metaspace       used 103677K, capacity 106791K, committed 107092K, reserved 610304K
  class space    used 13600K, capacity 14827K, committed 14924K, reserved 516096K
}
Event: 109.354 GC heap after
{Heap after GC invocations=95 (full 0):
 garbage-first heap   total 207872K, used 110126K [0x0000000080000000, 0x0000000100000000)
  region size 1024K, 3 young (3072K), 3 survivors (3072K)
 Metaspace       used 103677K, capacity 106791K, committed 107092K, reserved 610304K
  class space    used 13600K, capacity 14827K, committed 14924K, reserved 516096K
}
Event: 116.465 GC heap before
{Heap before GC invocations=96 (full 0):
 garbage-first heap   total 207872K, used 151086K [0x0000000080000000, 0x0000000100000000)
  region size 1024K, 43 young (44032K), 3 survivors (3072K)
 Metaspace       used 107033K, capacity 110153K, committed 110292K, reserved 612352K
  class space    used 13984K, capacity 15228K, committed 15308K, reserved 516096K
}
Event: 116.488 GC heap after
{Heap after GC invocations=97 (full 0):
 garbage-first heap   total 207872K, used 114632K [0x0000000080000000, 0x0000000100000000)
  region size 1024K, 6 young (6144K), 6 survivors (6144K)
 Metaspace       used 107033K, capacity 110153K, committed 110292K, reserved 612352K
  class space    used 13984K, capacity 15228K, committed 15308K, reserved 516096K
}
Event: 121.939 GC heap before
{Heap before GC invocations=97 (full 0):
 garbage-first heap   total 207872K, used 155592K [0x0000000080000000, 0x0000000100000000)
  region size 1024K, 46 young (47104K), 6 survivors (6144K)
 Metaspace       used 110358K, capacity 113531K, committed 113748K, reserved 614400K
  class space    used 14376K, capacity 15598K, committed 15692K, reserved 516096K
}
Event: 122.033 GC heap after
{Heap after GC invocations=98 (full 0):
 garbage-first heap   total 207872K, used 119864K [0x0000000080000000, 0x0000000100000000)
  region size 1024K, 5 young (5120K), 5 survivors (5120K)
 Metaspace       used 110358K, capacity 113531K, committed 113748K, reserved 614400K
  class space    used 14376K, capacity 15598K, committed 15692K, reserved 516096K
}
Event: 123.171 GC heap before
{Heap before GC invocations=99 (full 0):
 garbage-first heap   total 207872K, used 159800K [0x0000000080000000, 0x0000000100000000)
  region size 1024K, 44 young (45056K), 5 survivors (5120K)
 Metaspace       used 111643K, capacity 114803K, committed 114900K, reserved 616448K
  class space    used 14531K, capacity 15776K, committed 15820K, reserved 516096K
}
Event: 123.187 GC heap after
{Heap after GC invocations=100 (full 0):
 garbage-first heap   total 207872K, used 122914K [0x0000000080000000, 0x0000000100000000)
  region size 1024K, 4 young (4096K), 4 survivors (4096K)
 Metaspace       used 111643K, capacity 114803K, committed 114900K, reserved 616448K
  class space    used 14531K, capacity 15776K, committed 15820K, reserved 516096K
}
Event: 124.689 GC heap before
{Heap before GC invocations=100 (full 0):
 garbage-first heap   total 207872K, used 161826K [0x0000000080000000, 0x0000000100000000)
  region size 1024K, 43 young (44032K), 4 survivors (4096K)
 Metaspace       used 112691K, capacity 116084K, committed 116180K, reserved 616448K
  class space    used 14691K, capacity 16021K, committed 16076K, reserved 516096K
}
Event: 124.698 GC heap after
{Heap after GC invocations=101 (full 0):
 garbage-first heap   total 207872K, used 124929K [0x0000000080000000, 0x0000000100000000)
  region size 1024K, 6 young (6144K), 6 survivors (6144K)
 Metaspace       used 112691K, capacity 116084K, committed 116180K, reserved 616448K
  class space    used 14691K, capacity 16021K, committed 16076K, reserved 516096K
}
Event: 126.119 GC heap before
{Heap before GC invocations=102 (full 0):
 garbage-first heap   total 207872K, used 164865K [0x0000000080000000, 0x0000000100000000)
  region size 1024K, 46 young (47104K), 6 survivors (6144K)
 Metaspace       used 112933K, capacity 116333K, committed 116436K, reserved 618496K
  class space    used 14694K, capacity 16024K, committed 16076K, reserved 516096K
}
Event: 126.129 GC heap after
{Heap after GC invocations=103 (full 0):
 garbage-first heap   total 207872K, used 127428K [0x0000000080000000, 0x0000000100000000)
  region size 1024K, 5 young (5120K), 5 survivors (5120K)
 Metaspace       used 112933K, capacity 116333K, committed 116436K, reserved 618496K
  class space    used 14694K, capacity 16024K, committed 16076K, reserved 516096K
}
Event: 126.866 GC heap before
{Heap before GC invocations=103 (full 0):
 garbage-first heap   total 207872K, used 168388K [0x0000000080000000, 0x0000000100000000)
  region size 1024K, 45 young (46080K), 5 survivors (5120K)
 Metaspace       used 113171K, capacity 116638K, committed 116692K, reserved 618496K
  class space    used 14701K, capacity 16025K, committed 16076K, reserved 516096K
}
Event: 126.878 GC heap after
{Heap after GC invocations=104 (full 0):
 garbage-first heap   total 207872K, used 130274K [0x0000000080000000, 0x0000000100000000)
  region size 1024K, 6 young (6144K), 6 survivors (6144K)
 Metaspace       used 113171K, capacity 116638K, committed 116692K, reserved 618496K
  class space    used 14701K, capacity 16025K, committed 16076K, reserved 516096K
}

