# JRE version: OpenJDK Runtime Environment Temurin-11.0.16+8 (11.0.16+8) (build 11.0.16+8)
# Java VM: OpenJDK 64-Bit Server VM Temurin-11.0.16+8 (11.0.16+8, mixed mode, tiered, compressed oops, g1 gc, windows-amd64)
Heap:
 garbage-first heap   total 450560K, used 337920K [0x0000000080000000, 0x0000000100000000)
  region size 1024K, 132 young (135168K), 22 survivors (22528K)
 Metaspace       used 182893K, capacity 188538K, committed 188688K, reserved 681984K
  class space    used 22843K, capacity 24921K, committed 24960K, reserved 516096K
GC Heap History (20 events):
Event: 5804.651 GC heap before
{Heap before GC invocations=147 (full 0):
 garbage-first heap   total 450560K, used 241196K [0x0000000080000000, 0x0000000100000000)
  region size 1024K, 37 young (37888K), 21 survivors (21504K)
 Metaspace       used 173976K, capacity 179158K, committed 180496K, reserved 673792K
  class space    used 21653K, capacity 23530K, committed 23936K, reserved 516096K
}
Event: 5804.903 GC heap after
{Heap after GC invocations=148 (full 0):
 garbage-first heap   total 450560K, used 228800K [0x0000000080000000, 0x0000000100000000)
  region size 1024K, 5 young (5120K), 5 survivors (5120K)
 Metaspace       used 173976K, capacity 179158K, committed 180496K, reserved 673792K
  class space    used 21653K, capacity 23530K, committed 23936K, reserved 516096K
}
Event: 5812.806 GC heap before
{Heap before GC invocations=149 (full 0):
 garbage-first heap   total 450560K, used 356800K [0x0000000080000000, 0x0000000100000000)
  region size 1024K, 128 young (131072K), 5 survivors (5120K)
 Metaspace       used 177069K, capacity 182417K, committed 183056K, reserved 675840K
  class space    used 22020K, capacity 23972K, committed 24192K, reserved 516096K
}
Event: 5812.836 GC heap after
{Heap after GC invocations=150 (full 0):
 garbage-first heap   total 450560K, used 237910K [0x0000000080000000, 0x0000000100000000)
  region size 1024K, 11 young (11264K), 11 survivors (11264K)
 Metaspace       used 177069K, capacity 182417K, committed 183056K, reserved 675840K
  class space    used 22020K, capacity 23972K, committed 24192K, reserved 516096K
}
Event: 5812.879 GC heap before
{Heap before GC invocations=150 (full 0):
 garbage-first heap   total 450560K, used 248150K [0x0000000080000000, 0x0000000100000000)
  region size 1024K, 22 young (22528K), 11 survivors (11264K)
 Metaspace       used 177069K, capacity 182417K, committed 183056K, reserved 675840K
  class space    used 22020K, capacity 23972K, committed 24192K, reserved 516096K
}
Event: 5812.917 GC heap after
{Heap after GC invocations=151 (full 0):
 garbage-first heap   total 450560K, used 215073K [0x0000000080000000, 0x0000000100000000)
  region size 1024K, 2 young (2048K), 2 survivors (2048K)
 Metaspace       used 177069K, capacity 182417K, committed 183056K, reserved 675840K
  class space    used 22020K, capacity 23972K, committed 24192K, reserved 516096K
}
Event: 5812.988 GC heap before
{Heap before GC invocations=151 (full 0):
 garbage-first heap   total 450560K, used 234529K [0x0000000080000000, 0x0000000100000000)
  region size 1024K, 22 young (22528K), 2 survivors (2048K)
 Metaspace       used 177069K, capacity 182417K, committed 183056K, reserved 675840K
  class space    used 22020K, capacity 23972K, committed 24192K, reserved 516096K
}
Event: 5813.012 GC heap after
{Heap after GC invocations=152 (full 0):
 garbage-first heap   total 450560K, used 201692K [0x0000000080000000, 0x0000000100000000)
  region size 1024K, 1 young (1024K), 1 survivors (1024K)
 Metaspace       used 177069K, capacity 182417K, committed 183056K, reserved 675840K
  class space    used 22020K, capacity 23972K, committed 24192K, reserved 516096K
}
Event: 5813.097 GC heap before
{Heap before GC invocations=152 (full 0):
 garbage-first heap   total 450560K, used 223196K [0x0000000080000000, 0x0000000100000000)
  region size 1024K, 22 young (22528K), 1 survivors (1024K)
 Metaspace       used 177069K, capacity 182417K, committed 183056K, reserved 675840K
  class space    used 22020K, capacity 23972K, committed 24192K, reserved 516096K
}
Event: 5813.144 GC heap after
{Heap after GC invocations=153 (full 0):
 garbage-first heap   total 450560K, used 180306K [0x0000000080000000, 0x0000000100000000)
  region size 1024K, 1 young (1024K), 1 survivors (1024K)
 Metaspace       used 177069K, capacity 182417K, committed 183056K, reserved 675840K
  class space    used 22020K, capacity 23972K, committed 24192K, reserved 516096K
}
Event: 5813.224 GC heap before
{Heap before GC invocations=153 (full 0):
 garbage-first heap   total 450560K, used 200786K [0x0000000080000000, 0x0000000100000000)
  region size 1024K, 22 young (22528K), 1 survivors (1024K)
 Metaspace       used 177070K, capacity 182417K, committed 183056K, reserved 675840K
  class space    used 22020K, capacity 23972K, committed 24192K, reserved 516096K
}
Event: 5813.231 GC heap after
{Heap after GC invocations=154 (full 0):
 garbage-first heap   total 450560K, used 182192K [0x0000000080000000, 0x0000000100000000)
  region size 1024K, 1 young (1024K), 1 survivors (1024K)
 Metaspace       used 177070K, capacity 182417K, committed 183056K, reserved 675840K
  class space    used 22020K, capacity 23972K, committed 24192K, reserved 516096K
}
Event: 5813.860 GC heap before
{Heap before GC invocations=154 (full 0):
 garbage-first heap   total 450560K, used 341936K [0x0000000080000000, 0x0000000100000000)
  region size 1024K, 157 young (160768K), 1 survivors (1024K)
 Metaspace       used 177070K, capacity 182417K, committed 183056K, reserved 675840K
  class space    used 22020K, capacity 23972K, committed 24192K, reserved 516096K
}
Event: 5813.867 GC heap after
{Heap after GC invocations=155 (full 0):
 garbage-first heap   total 450560K, used 184099K [0x0000000080000000, 0x0000000100000000)
  region size 1024K, 3 young (3072K), 3 survivors (3072K)
 Metaspace       used 177070K, capacity 182417K, committed 183056K, reserved 675840K
  class space    used 22020K, capacity 23972K, committed 24192K, reserved 516096K
}
Event: 5814.430 GC heap before
{Heap before GC invocations=155 (full 0):
 garbage-first heap   total 450560K, used 347939K [0x0000000080000000, 0x0000000100000000)
  region size 1024K, 163 young (166912K), 3 survivors (3072K)
 Metaspace       used 177070K, capacity 182417K, committed 183056K, reserved 675840K
  class space    used 22020K, capacity 23972K, committed 24192K, reserved 516096K
}
Event: 5814.441 GC heap after
{Heap after GC invocations=156 (full 0):
 garbage-first heap   total 450560K, used 183296K [0x0000000080000000, 0x0000000100000000)
  region size 1024K, 5 young (5120K), 5 survivors (5120K)
 Metaspace       used 177070K, capacity 182417K, committed 183056K, reserved 675840K
  class space    used 22020K, capacity 23972K, committed 24192K, reserved 516096K
}
Event: 5815.255 GC heap before
{Heap before GC invocations=156 (full 0):
 garbage-first heap   total 450560K, used 358400K [0x0000000080000000, 0x0000000100000000)
  region size 1024K, 170 young (174080K), 5 survivors (5120K)
 Metaspace       used 178338K, capacity 183692K, committed 184208K, reserved 677888K
  class space    used 22216K, capacity 24168K, committed 24320K, reserved 516096K
}
Event: 5815.268 GC heap after
{Heap after GC invocations=157 (full 0):
 garbage-first heap   total 450560K, used 189388K [0x0000000080000000, 0x0000000100000000)
  region size 1024K, 9 young (9216K), 9 survivors (9216K)
 Metaspace       used 178338K, capacity 183692K, committed 184208K, reserved 677888K
  class space    used 22216K, capacity 24168K, committed 24320K, reserved 516096K
}
Event: 5816.431 GC heap before
{Heap before GC invocations=157 (full 0):
 garbage-first heap   total 450560K, used 360396K [0x0000000080000000, 0x0000000100000000)
  region size 1024K, 175 young (179200K), 9 survivors (9216K)
 Metaspace       used 182577K, capacity 188171K, committed 188432K, reserved 679936K
  class space    used 22813K, capacity 24868K, committed 24960K, reserved 516096K
}
Event: 5816.583 GC heap after
{Heap after GC invocations=158 (full 0):
 garbage-first heap   total 450560K, used 226304K [0x0000000080000000, 0x0000000100000000)
  region size 1024K, 22 young (22528K), 22 survivors (22528K)
 Metaspace       used 182577K, capacity 188171K, committed 188432K, reserved 679936K
  class space    used 22813K, capacity 24868K, committed 24960K, reserved 516096K
}

