# JRE version: OpenJDK Runtime Environment Temurin-11.0.16+8 (11.0.16+8) (build 11.0.16+8)
# Java VM: OpenJDK 64-Bit Server VM Temurin-11.0.16+8 (11.0.16+8, mixed mode, tiered, compressed oops, g1 gc, windows-amd64)
Heap:
 garbage-first heap   total 268288K, used 142167K [0x0000000080000000, 0x0000000100000000)
  region size 1024K, 12 young (12288K), 3 survivors (3072K)
 Metaspace       used 141221K, capacity 145375K, committed 145492K, reserved 643072K
  class space    used 18221K, capacity 19824K, committed 19840K, reserved 516096K
GC Heap History (20 events):
Event: 660.031 GC heap before
{Heap before GC invocations=119 (full 0):
 garbage-first heap   total 152576K, used 134656K [0x0000000080000000, 0x0000000100000000)
  region size 1024K, 7 young (7168K), 1 survivors (1024K)
 Metaspace       used 132393K, capacity 136293K, committed 136404K, reserved 634880K
  class space    used 17138K, capacity 18593K, committed 18688K, reserved 516096K
}
Event: 660.035 GC heap after
{Heap after GC invocations=120 (full 0):
 garbage-first heap   total 152576K, used 128889K [0x0000000080000000, 0x0000000100000000)
  region size 1024K, 1 young (1024K), 1 survivors (1024K)
 Metaspace       used 132393K, capacity 136293K, committed 136404K, reserved 634880K
  class space    used 17138K, capacity 18593K, committed 18688K, reserved 516096K
}
Event: 660.134 GC heap before
{Heap before GC invocations=120 (full 0):
 garbage-first heap   total 152576K, used 135033K [0x0000000080000000, 0x0000000100000000)
  region size 1024K, 7 young (7168K), 1 survivors (1024K)
 Metaspace       used 133174K, capacity 137077K, committed 137172K, reserved 634880K
  class space    used 17170K, capacity 18633K, committed 18688K, reserved 516096K
}
Event: 660.172 GC heap after
{Heap after GC invocations=121 (full 0):
 garbage-first heap   total 152576K, used 128606K [0x0000000080000000, 0x0000000100000000)
  region size 1024K, 1 young (1024K), 1 survivors (1024K)
 Metaspace       used 133174K, capacity 137077K, committed 137172K, reserved 634880K
  class space    used 17170K, capacity 18633K, committed 18688K, reserved 516096K
}
Event: 660.232 GC heap before
{Heap before GC invocations=121 (full 0):
 garbage-first heap   total 152576K, used 134750K [0x0000000080000000, 0x0000000100000000)
  region size 1024K, 7 young (7168K), 1 survivors (1024K)
 Metaspace       used 133266K, capacity 137211K, committed 137428K, reserved 636928K
  class space    used 17178K, capacity 18634K, committed 18688K, reserved 516096K
}
Event: 660.359 GC heap after
{Heap after GC invocations=122 (full 0):
 garbage-first heap   total 268288K, used 129385K [0x0000000080000000, 0x0000000100000000)
  region size 1024K, 1 young (1024K), 1 survivors (1024K)
 Metaspace       used 133266K, capacity 137211K, committed 137428K, reserved 636928K
  class space    used 17178K, capacity 18634K, committed 18688K, reserved 516096K
}
Event: 1663.317 GC heap before
{Heap before GC invocations=123 (full 0):
 garbage-first heap   total 268288K, used 179561K [0x0000000080000000, 0x0000000100000000)
  region size 1024K, 51 young (52224K), 1 survivors (1024K)
 Metaspace       used 134277K, capacity 138183K, committed 138324K, reserved 636928K
  class space    used 17271K, capacity 18739K, committed 18816K, reserved 516096K
}
Event: 1664.290 GC heap after
{Heap after GC invocations=124 (full 0):
 garbage-first heap   total 268288K, used 132046K [0x0000000080000000, 0x0000000100000000)
  region size 1024K, 4 young (4096K), 4 survivors (4096K)
 Metaspace       used 134277K, capacity 138183K, committed 138324K, reserved 636928K
  class space    used 17271K, capacity 18739K, committed 18816K, reserved 516096K
}
Event: 1666.090 GC heap before
{Heap before GC invocations=124 (full 0):
 garbage-first heap   total 268288K, used 140238K [0x0000000080000000, 0x0000000100000000)
  region size 1024K, 13 young (13312K), 4 survivors (4096K)
 Metaspace       used 135664K, capacity 139591K, committed 139860K, reserved 638976K
  class space    used 17531K, capacity 19018K, committed 19072K, reserved 516096K
}
Event: 1666.143 GC heap after
{Heap after GC invocations=125 (full 0):
 garbage-first heap   total 268288K, used 132706K [0x0000000080000000, 0x0000000100000000)
  region size 1024K, 1 young (1024K), 1 survivors (1024K)
 Metaspace       used 135664K, capacity 139591K, committed 139860K, reserved 638976K
  class space    used 17531K, capacity 19018K, committed 19072K, reserved 516096K
}
Event: 1668.871 GC heap before
{Heap before GC invocations=126 (full 0):
 garbage-first heap   total 268288K, used 162402K [0x0000000080000000, 0x0000000100000000)
  region size 1024K, 31 young (31744K), 1 survivors (1024K)
 Metaspace       used 137484K, capacity 141331K, committed 141652K, reserved 638976K
  class space    used 17780K, capacity 19235K, committed 19328K, reserved 516096K
}
Event: 1669.222 GC heap after
{Heap after GC invocations=127 (full 0):
 garbage-first heap   total 268288K, used 133833K [0x0000000080000000, 0x0000000100000000)
  region size 1024K, 2 young (2048K), 2 survivors (2048K)
 Metaspace       used 137484K, capacity 141331K, committed 141652K, reserved 638976K
  class space    used 17780K, capacity 19235K, committed 19328K, reserved 516096K
}
Event: 1669.724 GC heap before
{Heap before GC invocations=127 (full 0):
 garbage-first heap   total 268288K, used 144073K [0x0000000080000000, 0x0000000100000000)
  region size 1024K, 13 young (13312K), 2 survivors (2048K)
 Metaspace       used 138955K, capacity 142957K, committed 143060K, reserved 641024K
  class space    used 17926K, capacity 19432K, committed 19456K, reserved 516096K
}
Event: 1669.827 GC heap after
{Heap after GC invocations=128 (full 0):
 garbage-first heap   total 268288K, used 130248K [0x0000000080000000, 0x0000000100000000)
  region size 1024K, 2 young (2048K), 2 survivors (2048K)
 Metaspace       used 138955K, capacity 142957K, committed 143060K, reserved 641024K
  class space    used 17926K, capacity 19432K, committed 19456K, reserved 516096K
}
Event: 1674.882 GC heap before
{Heap before GC invocations=128 (full 0):
 garbage-first heap   total 268288K, used 140488K [0x0000000080000000, 0x0000000100000000)
  region size 1024K, 13 young (13312K), 2 survivors (2048K)
 Metaspace       used 139608K, capacity 143708K, committed 143956K, reserved 641024K
  class space    used 17991K, capacity 19555K, committed 19584K, reserved 516096K
}
Event: 1674.890 GC heap after
{Heap after GC invocations=129 (full 0):
 garbage-first heap   total 268288K, used 130993K [0x0000000080000000, 0x0000000100000000)
  region size 1024K, 2 young (2048K), 2 survivors (2048K)
 Metaspace       used 139608K, capacity 143708K, committed 143956K, reserved 641024K
  class space    used 17991K, capacity 19555K, committed 19584K, reserved 516096K
}
Event: 1675.460 GC heap before
{Heap before GC invocations=130 (full 0):
 garbage-first heap   total 268288K, used 148401K [0x0000000080000000, 0x0000000100000000)
  region size 1024K, 19 young (19456K), 2 survivors (2048K)
 Metaspace       used 139678K, capacity 143720K, committed 143956K, reserved 641024K
  class space    used 17994K, capacity 19557K, committed 19584K, reserved 516096K
}
Event: 1675.468 GC heap after
{Heap after GC invocations=131 (full 0):
 garbage-first heap   total 268288K, used 132159K [0x0000000080000000, 0x0000000100000000)
  region size 1024K, 2 young (2048K), 2 survivors (2048K)
 Metaspace       used 139678K, capacity 143720K, committed 143956K, reserved 641024K
  class space    used 17994K, capacity 19557K, committed 19584K, reserved 516096K
}
Event: 1676.037 GC heap before
{Heap before GC invocations=131 (full 0):
 garbage-first heap   total 268288K, used 148543K [0x0000000080000000, 0x0000000100000000)
  region size 1024K, 18 young (18432K), 2 survivors (2048K)
 Metaspace       used 139831K, capacity 143941K, committed 144084K, reserved 641024K
  class space    used 18017K, capacity 19607K, committed 19712K, reserved 516096K
}
Event: 1676.048 GC heap after
{Heap after GC invocations=132 (full 0):
 garbage-first heap   total 268288K, used 133975K [0x0000000080000000, 0x0000000100000000)
  region size 1024K, 3 young (3072K), 3 survivors (3072K)
 Metaspace       used 139831K, capacity 143941K, committed 144084K, reserved 641024K
  class space    used 18017K, capacity 19607K, committed 19712K, reserved 516096K
}

