# JRE version: OpenJDK Runtime Environment Temurin-11.0.16+8 (11.0.16+8) (build 11.0.16+8)
# Java VM: OpenJDK 64-Bit Server VM Temurin-11.0.16+8 (11.0.16+8, mixed mode, tiered, compressed oops, g1 gc, windows-amd64)
Heap:
 garbage-first heap   total 176128K, used 64498K [0x00000000a1e00000, 0x0000000100000000)
  region size 1024K, 4 young (4096K), 4 survivors (4096K)
 Metaspace       used 80919K, capacity 81771K, committed 82048K, reserved 1122304K
  class space    used 8914K, capacity 9279K, committed 9344K, reserved 1048576K
GC Heap History (20 events):
Event: 2.820 GC heap after
{Heap after GC invocations=5 (full 0):
 garbage-first heap   total 98304K, used 19969K [0x00000000a1e00000, 0x0000000100000000)
  region size 1024K, 2 young (2048K), 2 survivors (2048K)
 Metaspace       used 35258K, capacity 35680K, committed 35840K, reserved 1081344K
  class space    used 4320K, capacity 4506K, committed 4608K, reserved 1048576K
}
Event: 3.515 GC heap before
{Heap before GC invocations=6 (full 0):
 garbage-first heap   total 98304K, used 55809K [0x00000000a1e00000, 0x0000000100000000)
  region size 1024K, 37 young (37888K), 2 survivors (2048K)
 Metaspace       used 42824K, capacity 43316K, committed 43392K, reserved 1087488K
  class space    used 5034K, capacity 5230K, committed 5248K, reserved 1048576K
}
Event: 3.523 GC heap after
{Heap after GC invocations=7 (full 0):
 garbage-first heap   total 121856K, used 23041K [0x00000000a1e00000, 0x0000000100000000)
  region size 1024K, 5 young (5120K), 5 survivors (5120K)
 Metaspace       used 42824K, capacity 43316K, committed 43392K, reserved 1087488K
  class space    used 5034K, capacity 5230K, committed 5248K, reserved 1048576K
}
Event: 4.592 GC heap before
{Heap before GC invocations=7 (full 0):
 garbage-first heap   total 121856K, used 71169K [0x00000000a1e00000, 0x0000000100000000)
  region size 1024K, 49 young (50176K), 5 survivors (5120K)
 Metaspace       used 52668K, capacity 53399K, committed 53760K, reserved 1095680K
  class space    used 6258K, capacity 6540K, committed 6656K, reserved 1048576K
}
Event: 4.609 GC heap after
{Heap after GC invocations=8 (full 0):
 garbage-first heap   total 121856K, used 30557K [0x00000000a1e00000, 0x0000000100000000)
  region size 1024K, 7 young (7168K), 7 survivors (7168K)
 Metaspace       used 52668K, capacity 53399K, committed 53760K, reserved 1095680K
  class space    used 6258K, capacity 6540K, committed 6656K, reserved 1048576K
}
Event: 5.331 GC heap before
{Heap before GC invocations=8 (full 0):
 garbage-first heap   total 121856K, used 74589K [0x00000000a1e00000, 0x0000000100000000)
  region size 1024K, 50 young (51200K), 7 survivors (7168K)
 Metaspace       used 56182K, capacity 56900K, committed 57216K, reserved 1099776K
  class space    used 6656K, capacity 6938K, committed 7040K, reserved 1048576K
}
Event: 5.348 GC heap after
{Heap after GC invocations=9 (full 0):
 garbage-first heap   total 121856K, used 33686K [0x00000000a1e00000, 0x0000000100000000)
  region size 1024K, 5 young (5120K), 5 survivors (5120K)
 Metaspace       used 56182K, capacity 56900K, committed 57216K, reserved 1099776K
  class space    used 6656K, capacity 6938K, committed 7040K, reserved 1048576K
}
Event: 6.617 GC heap before
{Heap before GC invocations=9 (full 0):
 garbage-first heap   total 121856K, used 77718K [0x00000000a1e00000, 0x0000000100000000)
  region size 1024K, 48 young (49152K), 5 survivors (5120K)
 Metaspace       used 59154K, capacity 59905K, committed 60032K, reserved 1101824K
  class space    used 6873K, capacity 7185K, committed 7296K, reserved 1048576K
}
Event: 6.645 GC heap after
{Heap after GC invocations=10 (full 0):
 garbage-first heap   total 121856K, used 41843K [0x00000000a1e00000, 0x0000000100000000)
  region size 1024K, 6 young (6144K), 6 survivors (6144K)
 Metaspace       used 59154K, capacity 59905K, committed 60032K, reserved 1101824K
  class space    used 6873K, capacity 7185K, committed 7296K, reserved 1048576K
}
Event: 6.862 GC heap before
{Heap before GC invocations=10 (full 0):
 garbage-first heap   total 121856K, used 51059K [0x00000000a1e00000, 0x0000000100000000)
  region size 1024K, 16 young (16384K), 6 survivors (6144K)
 Metaspace       used 59339K, capacity 60042K, committed 60160K, reserved 1101824K
  class space    used 6886K, capacity 7188K, committed 7296K, reserved 1048576K
}
Event: 6.882 GC heap after
{Heap after GC invocations=11 (full 0):
 garbage-first heap   total 146432K, used 45056K [0x00000000a1e00000, 0x0000000100000000)
  region size 1024K, 3 young (3072K), 3 survivors (3072K)
 Metaspace       used 59339K, capacity 60042K, committed 60160K, reserved 1101824K
  class space    used 6886K, capacity 7188K, committed 7296K, reserved 1048576K
}
Event: 7.777 GC heap before
{Heap before GC invocations=12 (full 0):
 garbage-first heap   total 146432K, used 83968K [0x00000000a1e00000, 0x0000000100000000)
  region size 1024K, 41 young (41984K), 3 survivors (3072K)
 Metaspace       used 61613K, capacity 62414K, committed 62592K, reserved 1103872K
  class space    used 7122K, capacity 7441K, committed 7552K, reserved 1048576K
}
Event: 7.790 GC heap after
{Heap after GC invocations=13 (full 0):
 garbage-first heap   total 146432K, used 48595K [0x00000000a1e00000, 0x0000000100000000)
  region size 1024K, 6 young (6144K), 6 survivors (6144K)
 Metaspace       used 61613K, capacity 62414K, committed 62592K, reserved 1103872K
  class space    used 7122K, capacity 7441K, committed 7552K, reserved 1048576K
}
Event: 9.962 GC heap before
{Heap before GC invocations=13 (full 0):
 garbage-first heap   total 146432K, used 90579K [0x00000000a1e00000, 0x0000000100000000)
  region size 1024K, 47 young (48128K), 6 survivors (6144K)
 Metaspace       used 65298K, capacity 66182K, committed 66432K, reserved 1107968K
  class space    used 7342K, capacity 7706K, committed 7808K, reserved 1048576K
}
Event: 9.979 GC heap after
{Heap after GC invocations=14 (full 0):
 garbage-first heap   total 146432K, used 53647K [0x00000000a1e00000, 0x0000000100000000)
  region size 1024K, 5 young (5120K), 5 survivors (5120K)
 Metaspace       used 65298K, capacity 66182K, committed 66432K, reserved 1107968K
  class space    used 7342K, capacity 7706K, committed 7808K, reserved 1048576K
}
Event: 11.274 GC heap before
{Heap before GC invocations=14 (full 0):
 garbage-first heap   total 146432K, used 95631K [0x00000000a1e00000, 0x0000000100000000)
  region size 1024K, 46 young (47104K), 5 survivors (5120K)
 Metaspace       used 72490K, capacity 73336K, committed 73472K, reserved 1114112K
  class space    used 8059K, capacity 8409K, committed 8448K, reserved 1048576K
}
Event: 11.287 GC heap after
{Heap after GC invocations=15 (full 0):
 garbage-first heap   total 146432K, used 56258K [0x00000000a1e00000, 0x0000000100000000)
  region size 1024K, 3 young (3072K), 3 survivors (3072K)
 Metaspace       used 72490K, capacity 73336K, committed 73472K, reserved 1114112K
  class space    used 8059K, capacity 8409K, committed 8448K, reserved 1048576K
}
Event: 12.243 GC heap before
{Heap before GC invocations=15 (full 0):
 garbage-first heap   total 146432K, used 99266K [0x00000000a1e00000, 0x0000000100000000)
  region size 1024K, 45 young (46080K), 3 survivors (3072K)
 Metaspace       used 74144K, capacity 75033K, committed 75136K, reserved 1116160K
  class space    used 8198K, capacity 8569K, committed 8576K, reserved 1048576K
}
Event: 12.258 GC heap after
{Heap after GC invocations=16 (full 0):
 garbage-first heap   total 146432K, used 61039K [0x00000000a1e00000, 0x0000000100000000)
  region size 1024K, 6 young (6144K), 6 survivors (6144K)
 Metaspace       used 74144K, capacity 75033K, committed 75136K, reserved 1116160K
  class space    used 8198K, capacity 8569K, committed 8576K, reserved 1048576K
}
Event: 13.053 GC heap before
{Heap before GC invocations=16 (full 0):
 garbage-first heap   total 146432K, used 104047K [0x00000000a1e00000, 0x0000000100000000)
  region size 1024K, 48 young (49152K), 6 survivors (6144K)
 Metaspace       used 80919K, capacity 81771K, committed 82048K, reserved 1122304K
  class space    used 8914K, capacity 9279K, committed 9344K, reserved 1048576K
}

